<?xml version="1.0" encoding="UTF-8"?>
<testng-results ignored="0" total="1" passed="1" failed="0" skipped="0">
  <reporter-output>
  </reporter-output>
  <suite started-at="2022-11-24T16:00:15 IST" name="Default suite" finished-at="2022-11-24T16:00:37 IST" duration-ms="22403">
    <groups>
    </groups>
    <test started-at="2022-11-24T16:00:15 IST" name="Default test" finished-at="2022-11-24T16:00:37 IST" duration-ms="22403">
      <class name="selenium.testscript.DropdownHandling">
        <test-method is-config="true" signature="launchBrowser()[pri:0, instance:selenium.testscript.DropdownHandling@1d2adfbe]" started-at="2022-11-24T16:00:15 IST" name="launchBrowser" finished-at="2022-11-24T16:00:21 IST" duration-ms="6164" status="PASS">
          <reporter-output>
          </reporter-output>
        </test-method> <!-- launchBrowser -->
        <test-method is-config="true" signature="login()[pri:0, instance:selenium.testscript.DropdownHandling@1d2adfbe]" started-at="2022-11-24T16:00:21 IST" name="login" finished-at="2022-11-24T16:00:28 IST" duration-ms="7181" status="PASS">
          <reporter-output>
          </reporter-output>
        </test-method> <!-- login -->
        <test-method signature="dropdownHandle()[pri:0, instance:selenium.testscript.DropdownHandling@1d2adfbe]" started-at="2022-11-24T16:00:28 IST" name="dropdownHandle" finished-at="2022-11-24T16:00:37 IST" duration-ms="8608" status="PASS">
          <reporter-output>
          </reporter-output>
        </test-method> <!-- dropdownHandle -->
        <test-method is-config="true" signature="logout()[pri:0, instance:selenium.testscript.DropdownHandling@1d2adfbe]" started-at="2022-11-24T16:00:37 IST" name="logout" finished-at="2022-11-24T16:00:37 IST" duration-ms="2" status="PASS">
          <reporter-output>
          </reporter-output>
        </test-method> <!-- logout -->
        <test-method is-config="true" signature="closeBrowser()[pri:0, instance:selenium.testscript.DropdownHandling@1d2adfbe]" started-at="2022-11-24T16:00:37 IST" name="closeBrowser" finished-at="2022-11-24T16:00:37 IST" duration-ms="349" status="PASS">
          <reporter-output>
          </reporter-output>
        </test-method> <!-- closeBrowser -->
      </class> <!-- selenium.testscript.DropdownHandling -->
    </test> <!-- Default test -->
  </suite> <!-- Default suite -->
</testng-results>
